GmudEX/proguard/seeds.txt
lostland.gmud.platinum12548.R$color: int black
lostland.gmud.platinum12548.R$dimen: int activity_horizontal_margin
lostland.gmud.platinum12548.R$dimen: int activity_vertical_margin
lostland.gmud.platinum12548.R$drawable: int anim0
lostland.gmud.platinum12548.R$drawable: int anim1
lostland.gmud.platinum12548.R$drawable: int anim2
lostland.gmud.platinum12548.R$drawable: int anim3
lostland.gmud.platinum12548.R$drawable: int border
lostland.gmud.platinum12548.R$drawable: int c00
lostland.gmud.platinum12548.R$drawable: int c01
lostland.gmud.platinum12548.R$drawable: int c02
lostland.gmud.platinum12548.R$drawable: int c03
lostland.gmud.platinum12548.R$drawable: int c10
lostland.gmud.platinum12548.R$drawable: int c11
lostland.gmud.platinum12548.R$drawable: int c12
lostland.gmud.platinum12548.R$drawable: int c13
lostland.gmud.platinum12548.R$drawable: int c20
lostland.gmud.platinum12548.R$drawable: int c21
lostland.gmud.platinum12548.R$drawable: int c22
lostland.gmud.platinum12548.R$drawable: int c23
lostland.gmud.platinum12548.R$drawable: int c30
lostland.gmud.platinum12548.R$drawable: int c31
lostland.gmud.platinum12548.R$drawable: int c32
lostland.gmud.platinum12548.R$drawable: int c33
lostland.gmud.platinum12548.R$drawable: int ic_launcher
lostland.gmud.platinum12548.R$drawable: int noborder
lostland.gmud.platinum12548.R$drawable: int noborder_down
lostland.gmud.platinum12548.R$id: int TextView01
lostland.gmud.platinum12548.R$id: int TextView02
lostland.gmud.platinum12548.R$id: int TextView03
lostland.gmud.platinum12548.R$id: int ToggleButton01
lostland.gmud.platinum12548.R$id: int action_settings
lostland.gmud.platinum12548.R$id: int btnOK
lostland.gmud.platinum12548.R$id: int btnSave
lostland.gmud.platinum12548.R$id: int btnStat1
lostland.gmud.platinum12548.R$id: int btnStat2
lostland.gmud.platinum12548.R$id: int btnStat3
lostland.gmud.platinum12548.R$id: int button01
lostland.gmud.platinum12548.R$id: int content_view_image
lostland.gmud.platinum12548.R$id: int content_view_progress
lostland.gmud.platinum12548.R$id: int content_view_text1
lostland.gmud.platinum12548.R$id: int etAgi
lostland.gmud.platinum12548.R$id: int etBon
lostland.gmud.platinum12548.R$id: int etName
lostland.gmud.platinum12548.R$id: int etStr
lostland.gmud.platinum12548.R$id: int etWxg
lostland.gmud.platinum12548.R$id: int expandableListView1
lostland.gmud.platinum12548.R$id: int llStatPage1
lostland.gmud.platinum12548.R$id: int llStatPage2
lostland.gmud.platinum12548.R$id: int llStatPage3
lostland.gmud.platinum12548.R$id: int lvRead
lostland.gmud.platinum12548.R$id: int textView1
lostland.gmud.platinum12548.R$id: int textView2
lostland.gmud.platinum12548.R$id: int toggleButton1
lostland.gmud.platinum12548.R$id: int tvName
lostland.gmud.platinum12548.R$id: int tvStatLine11
lostland.gmud.platinum12548.R$id: int tvStatLine12
lostland.gmud.platinum12548.R$layout: int dialog_ads
lostland.gmud.platinum12548.R$layout: int dialog_bottom
lostland.gmud.platinum12548.R$layout: int dialog_create
lostland.gmud.platinum12548.R$layout: int dialog_reading
lostland.gmud.platinum12548.R$layout: int dialog_settings
lostland.gmud.platinum12548.R$layout: int dialog_status
lostland.gmud.platinum12548.R$layout: int dialog_topmenu
lostland.gmud.platinum12548.R$layout: int dialog_trade
lostland.gmud.platinum12548.R$layout: int notif
lostland.gmud.platinum12548.R$layout: int sklnitm
lostland.gmud.platinum12548.R$menu: int main
...
android.support.v4.app.BackStackState
android.support.v4.app.BackStackState: android.os.Parcelable$Creator CREATOR
android.support.v4.app.Fragment$SavedState
android.support.v4.app.Fragment$SavedState: android.os.Parcelable$Creator CREATOR
android.support.v4.app.FragmentManagerState
android.support.v4.app.FragmentManagerState: android.os.Parcelable$Creator CREATOR
android.support.v4.app.FragmentState
android.support.v4.app.FragmentState: android.os.Parcelable$Creator CREATOR
android.support.v4.app.FragmentTabHost: void setOnTabChangedListener(android.widget.TabHost$OnTabChangeListener)
android.support.v4.app.FragmentTabHost$SavedState
android.support.v4.app.FragmentTabHost$SavedState: android.os.Parcelable$Creator CREATOR
android.support.v4.content.ModernAsyncTask$Status: android.support.v4.content.ModernAsyncTask$Status[] values()
android.support.v4.content.ModernAsyncTask$Status: android.support.v4.content.ModernAsyncTask$Status valueOf(java.lang.String)
android.support.v4.view.PagerTabStrip: void setTabIndicatorColor(int)
android.support.v4.view.PagerTabStrip: void setTabIndicatorColorResource(int)
android.support.v4.view.PagerTabStrip: int getTabIndicatorColor()
android.support.v4.view.PagerTabStrip: void setTextSpacing(int)
android.support.v4.view.PagerTabStrip: void setBackgroundDrawable(android.graphics.drawable.Drawable)
android.support.v4.view.PagerTabStrip: void setBackgroundColor(int)
android.support.v4.view.PagerTabStrip: void setBackgroundResource(int)
android.support.v4.view.PagerTabStrip: void setDrawFullUnderline(boolean)
android.support.v4.view.PagerTabStrip: boolean getDrawFullUnderline()
android.support.v4.view.PagerTabStrip: int getMinHeight()
android.support.v4.view.PagerTitleStrip: void setSingleLineAllCaps(android.widget.TextView)
android.support.v4.view.PagerTitleStrip: void setTextSpacing(int)
android.support.v4.view.PagerTitleStrip: int getTextSpacing()
android.support.v4.view.PagerTitleStrip: void setNonPrimaryAlpha(float)
android.support.v4.view.PagerTitleStrip: void setTextColor(int)
android.support.v4.view.PagerTitleStrip: void setGravity(int)
android.support.v4.view.PagerTitleStrip: int getMinHeight()
android.support.v4.view.ViewPager: void setScrollState(int)
android.support.v4.view.ViewPager: void setAdapter(android.support.v4.view.PagerAdapter)
android.support.v4.view.ViewPager: android.support.v4.view.PagerAdapter getAdapter()
android.support.v4.view.ViewPager: void setOnAdapterChangeListener(android.support.v4.view.ViewPager$OnAdapterChangeListener)
android.support.v4.view.ViewPager: int getClientWidth()
android.support.v4.view.ViewPager: void setCurrentItem(int)
android.support.v4.view.ViewPager: int getCurrentItem()
android.support.v4.view.ViewPager: void setOnPageChangeListener(android.support.v4.view.ViewPager$OnPageChangeListener)
android.support.v4.view.ViewPager: void setChildrenDrawingOrderEnabledCompat(boolean)
android.support.v4.view.ViewPager: int getOffscreenPageLimit()
android.support.v4.view.ViewPager: void setOffscreenPageLimit(int)
android.support.v4.view.ViewPager: void setPageMargin(int)
android.support.v4.view.ViewPager: int getPageMargin()
android.support.v4.view.ViewPager: void setPageMarginDrawable(android.graphics.drawable.Drawable)
android.support.v4.view.ViewPager: void setPageMarginDrawable(int)
android.support.v4.view.ViewPager: void setScrollingCacheEnabled(boolean)
android.support.v4.view.ViewPager$SavedState
android.support.v4.view.ViewPager$SavedState: android.os.Parcelable$Creator CREATOR
android.support.v4.widget.DrawerLayout: void setScrimColor(int)
android.support.v4.widget.DrawerLayout: void setDrawerListener(android.support.v4.widget.DrawerLayout$DrawerListener)
android.support.v4.widget.DrawerLayout: void setDrawerLockMode(int)
android.support.v4.widget.DrawerLayout$SavedState
android.support.v4.widget.DrawerLayout$SavedState: android.os.Parcelable$Creator CREATOR