GmudEX/proguard/mapping.txt
lostland.gumd.platinum12548.MainCharTile -> lostland.gumd.platinum12548.o:
    lostland.gumd.platinum12548.GmudGame game -> a
    int currentStep -> b
    int X -> c
    int Y -> d
    lostland.gumd.platinum12548.blgframework.impl.BLGPixmap pixmap2 -> e
    lostland.gumd.platinum12548.Direction currentDirection -> f
    void draw(lostland.gumd.platinum12548.Direction,int,int,int) -> a
    void drawOriWalking(lostland.gumd.platinum12548.Direction,int,int) -> a
    void drawInnerWalking(lostland.gumd.platinum12548.Direction,int,int,int) -> b
    int absX() -> a
    int absY() -> b
    int frontAbsX() -> c
    int frontAbsY() -> d
lostland.gumd.platinum12548.MapScreen -> lostland.gumd.platinum12548.p:
    boolean b -> a
    float STEP_TIME -> b
    float tickTime -> c
    float rTime -> d
    int fCount -> e
    boolean walking -> f
    int walkStep -> g
    int walkState -> h
    int X -> i
    int Y -> j
    lostland.gumd.platinum12548.GmudMap map -> k
    int round -> l
    int number -> m
    float x -> n
    float y -> o
    float z -> p
    int tx -> q
    int ty -> r
    boolean c -> s
    boolean zlEnabled -> t
    boolean btnsEnabled -> u
    int[] $SWITCH_TABLE$lostland$gumd$platinum12548$Direction -> Q
    int[] $SWITCH_TABLE$lostland$gumd$platinum12548$ui$core$NewButton -> R
    void update(float) -> a
    void pause() -> b_
    void resume() -> c_
    void dispose() -> c
    boolean nbDetect() -> e_
    void accelWalkDetect() -> e
    void walkProcess() -> f
    void eventProcess(int) -> a
    void onButtonDown(lostland.gumd.platinum12548.ui.core.NewButton) -> a
    void onButtonClick(lostland.gumd.platinum12548.ui.core.NewButton) -> b
    void show() -> g
    int[] $SWITCH_TABLE$lostland$gumd$platinum12548$Direction() -> h
    int[] $SWITCH_TABLE$lostland$gumd$platinum12548$ui$core$NewButton() -> i
lostland.gumd.platinum12548.MapTile -> lostland.gumd.platinum12548.q:
    lostland.gumd.platinum12548.GmudGame game -> a
    void draw(int,int,int,int) -> a
    void drawBiased(int,int,int,int,int,int) -> a
    void drawMap(lostland.gumd.platinum12548.GmudMap,int,int) -> a
    void drawMapWalking(lostland.gumd.platinum12548.GmudMap,int,int,int,int) -> a
lostland.gumd.platinum12548.SavingScreen -> lostland.gumd.platinum12548.r:
    boolean b -> a
    void onTouchDown(int,int) -> a
    void onTouchMove(int,int) -> b
    void onTouchUp(int,int) -> c
    void onClick(int,int) -> d
    void present(float) -> b
    void savePerf() -> f_
    void save() -> e
    void update(float) -> a
lostland.gumd.platinum12548.SavingScreen$1 -> lostland.gumd.platinum12548.s:
    lostland.gumd.platinum12548.SavingScreen this$0 -> a
    void draw() -> a
lostland.gumd.platinum12548.Tileset -> lostland.gumd.platinum12548.t:
    lostland.gumd.platinum12548.blgframework.impl.BLGPixmap pixmap -> g
    int tileWidth -> h
    int tileHeight -> i
    void draw(lostland.gumd.platinum12548.blgframework.impl.BLGGraphics,int,int,int,int) -> a
lostland.gumd.platinum12548.battle.BattleButton -> lostland.gumd.platinum12548.a.a:
    int X -> a
    int Y -> b
    int dx -> c
    int dy -> d
    java.lang.String[] text -> e
    int index -> f
    void draw() -> a
lostland.gumd.platinum12548.battle.BattleOverScreen -> lostland.gumd.platinum12548.a.b:
    boolean bossflag -> a
    boolean tpflag -> b
    boolean zdflag -> c
    void update(float) -> a
    void present(float) -> b
    void pause() -> b_
    void resume() -> c_
    void dispose() -> c
lostland.gumd.platinum12548.battle.BattleOverScreen$1 -> lostland.gumd.platinum12548.a.c:
    lostland.gumd.platinum12548.battle.BattleOverScreen this$0 -> a
    void onYes() -> a
    void onNo() -> b